FtcRobotController/build/outputs/logs/manifest-merger-debug-report.txt
-- Merging decision tree log ---
manifest
ADDED from src\main\AndroidManifest.xml:2:1-50:12
INJECTED from src\main\AndroidManifest.xml:2:1-50:12
INJECTED from src\main\AndroidManifest.xml:2:1-50:12
INJECTED from src\main\AndroidManifest.xml:2:1-50:12
INJECTED from src\main\AndroidManifest.xml:2:1-50:12
INJECTED from src\main\AndroidManifest.xml:2:1-50:12
INJECTED from src\main\AndroidManifest.xml:2:1-50:12
	package
		ADDED from src\main\AndroidManifest.xml:3:5-46
		INJECTED from src\main\AndroidManifest.xml
		INJECTED from src\main\AndroidManifest.xml
	android:versionName
		ADDED from src\main\AndroidManifest.xml:5:5-30
		INJECTED from src\main\AndroidManifest.xml
		INJECTED from src\main\AndroidManifest.xml
	xmlns:android
		ADDED from src\main\AndroidManifest.xml:2:11-69
	android:versionCode
		ADDED from src\main\AndroidManifest.xml:4:5-29
		INJECTED from src\main\AndroidManifest.xml
		INJECTED from src\main\AndroidManifest.xml
uses-permission#android.permission.RECEIVE_BOOT_COMPLETED
ADDED from src\main\AndroidManifest.xml:7:3-79
	android:name
		ADDED from src\main\AndroidManifest.xml:7:20-76
application
ADDED from src\main\AndroidManifest.xml:9:3-48:17
	android:label
		ADDED from src\main\AndroidManifest.xml:13:7-39
	android:largeHeap
		ADDED from src\main\AndroidManifest.xml:11:7-31
	android:icon
		ADDED from src\main\AndroidManifest.xml:12:7-43
	android:allowBackup
		ADDED from src\main\AndroidManifest.xml:10:7-33
	android:theme
		ADDED from src\main\AndroidManifest.xml:14:7-43
activity#org.firstinspires.ftc.robotcontroller.internal.FtcRobotControllerActivity
ADDED from src\main\AndroidManifest.xml:17:5-41:16
	android:screenOrientation
		ADDED from src\main\AndroidManifest.xml:19:9-45
	android:label
		ADDED from src\main\AndroidManifest.xml:21:9-41
	android:launchMode
		ADDED from src\main\AndroidManifest.xml:22:9-40
	android:configChanges
		ADDED from src\main\AndroidManifest.xml:20:9-55
	android:name
		ADDED from src\main\AndroidManifest.xml:18:9-97
intent-filter#action:name:android.intent.action.MAIN+category:name:android.intent.category.LAUNCHER
ADDED from src\main\AndroidManifest.xml:24:7-27:23
category#android.intent.category.LAUNCHER
ADDED from src\main\AndroidManifest.xml:25:9-69
	android:name
		ADDED from src\main\AndroidManifest.xml:25:19-66
action#android.intent.action.MAIN
ADDED from src\main\AndroidManifest.xml:26:9-61
	android:name
		ADDED from src\main\AndroidManifest.xml:26:17-58
intent-filter#action:name:android.hardware.usb.action.USB_DEVICE_ATTACHED
ADDED from src\main\AndroidManifest.xml:29:7-31:23
action#android.hardware.usb.action.USB_DEVICE_ATTACHED
ADDED from src\main\AndroidManifest.xml:30:9-82
	android:name
		ADDED from src\main\AndroidManifest.xml:30:17-79
meta-data#android.hardware.usb.action.USB_DEVICE_ATTACHED
ADDED from src\main\AndroidManifest.xml:33:7-35:51
	android:resource
		ADDED from src\main\AndroidManifest.xml:35:11-48
	android:name
		ADDED from src\main\AndroidManifest.xml:34:11-73
meta-data#org.firstinspires.main.entry
ADDED from src\main\AndroidManifest.xml:37:7-40:13
	android:value
		ADDED from src\main\AndroidManifest.xml:39:11-31
	android:name
		ADDED from src\main\AndroidManifest.xml:38:11-54
service#com.qualcomm.ftccommon.FtcRobotControllerService
ADDED from src\main\AndroidManifest.xml:44:5-46:34
	android:enabled
		ADDED from src\main\AndroidManifest.xml:46:9-31
	android:name
		ADDED from src\main\AndroidManifest.xml:45:9-72
uses-sdk
INJECTED from src\main\AndroidManifest.xml reason: use-sdk injection requested
INJECTED from src\main\AndroidManifest.xml
INJECTED from src\main\AndroidManifest.xml
INJECTED from src\main\AndroidManifest.xml
INJECTED from src\main\AndroidManifest.xml
	android:targetSdkVersion
		INJECTED from src\main\AndroidManifest.xml
		ADDED from src\main\AndroidManifest.xml
		INJECTED from src\main\AndroidManifest.xml
	android:minSdkVersion
		INJECTED from src\main\AndroidManifest.xml
		ADDED from src\main\AndroidManifest.xml
		INJECTED from src\main\AndroidManifest.xml